"Severity","ThreadID","Date","Time","Application","Message"
"ERROR","web-0","05/17/2012","17:22:47","","key [pluginmanager] doesn't exist in struct (keys:)
	at railo.runtime.type.util.StructSupport.invalidKey(StructSupport.java:30):30
	at railo.runtime.type.StructImpl.get(StructImpl.java:78):78
	at railo.runtime.type.util.StructSupport.get(StructSupport.java:125):125
	at railo.runtime.util.VariableUtilImpl.get(VariableUtilImpl.java:316):316
	at railo.runtime.PageContextImpl.get(PageContextImpl.java:1286):1286
	at wheels._public.plugins_cfm$cf.call(/Users/stofke/Sites/Cows/SamSite/wheels/public/plugins.cfm:1):1
	at railo.runtime.PageContextImpl.doInclude(PageContextImpl.java:733):733
	at railo.runtime.PageContextImpl.doInclude(PageContextImpl.java:714):714
	at wheels._public.wheels_cfm$cf.call(/Users/stofke/Sites/Cows/SamSite/wheels/public/wheels.cfm:5):5
	at railo.runtime.PageContextImpl.doInclude(PageContextImpl.java:733):733
	at railo.runtime.PageContextImpl.doInclude(PageContextImpl.java:714):714
	at views.wheels.wheels_cfm$cf.call(/Users/stofke/Sites/Cows/SamSite/views/wheels/wheels.cfm:5):5
	at railo.runtime.PageContextImpl.doInclude(PageContextImpl.java:733):733
	at railo.runtime.PageContextImpl.doInclude(PageContextImpl.java:714):714
	at wheels.global.cfml_cfm$cf._2(/Users/stofke/Sites/Cows/SamSite/wheels/global/cfml.cfm:138):138
	at wheels.global.cfml_cfm$cf.udfCall(/Users/stofke/Sites/Cows/SamSite/wheels/global/cfml.cfm):-1
	at railo.runtime.type.UDFImpl.implementation(UDFImpl.java:215):215
	at railo.runtime.type.UDFImpl._call(UDFImpl.java:434):434
	at railo.runtime.type.UDFImpl.callWithNamedValues(UDFImpl.java:377):377
	at railo.runtime.util.VariableUtilImpl.callFunctionWithNamedValues(VariableUtilImpl.java:774):774
	at railo.runtime.PageContextImpl.getFunctionWithNamedValues(PageContextImpl.java:1458):1458
	at wheels.controller.rendering_cfm$cf._2(/Users/stofke/Sites/Cows/SamSite/wheels/controller/rendering.cfm:498):498
	at wheels.controller.rendering_cfm$cf.udfCall(/Users/stofke/Sites/Cows/SamSite/wheels/controller/rendering.cfm):-1
	at railo.runtime.type.UDFImpl.implementation(UDFImpl.java:215):215
	at railo.runtime.type.UDFImpl._call(UDFImpl.java:434):434
	at railo.runtime.type.UDFImpl.callWithNamedValues(UDFImpl.java:377):377
	at railo.runtime.util.VariableUtilImpl.callFunctionWithNamedValues(VariableUtilImpl.java:774):774
	at railo.runtime.PageContextImpl.getFunctionWithNamedValues(PageContextImpl.java:1458):1458
	at wheels.controller.rendering_cfm$cf._1(/Users/stofke/Sites/Cows/SamSite/wheels/controller/rendering.cfm:257):257
	at wheels.controller.rendering_cfm$cf.udfCall(/Users/stofke/Sites/Cows/SamSite/wheels/controller/rendering.cfm):-1
	at railo.runtime.type.UDFImpl.implementation(UDFImpl.java:215):215
	at railo.runtime.type.UDFImpl._call(UDFImpl.java:434):434
	at railo.runtime.type.UDFImpl.callWithNamedValues(UDFImpl.java:377):377
	at railo.runtime.util.VariableUtilImpl.callFunctionWithNamedValues(VariableUtilImpl.java:774):774
	at railo.runtime.PageContextImpl.getFunctionWithNamedValues(PageContextImpl.java:1458):1458
	at wheels.controller.rendering_cfm$cf._1(/Users/stofke/Sites/Cows/SamSite/wheels/controller/rendering.cfm:68):68
	at wheels.controller.rendering_cfm$cf.udfCall(/Users/stofke/Sites/Cows/SamSite/wheels/controller/rendering.cfm):-1
	at railo.runtime.type.UDFImpl.implementation(UDFImpl.java:215):215
	at railo.runtime.type.UDFImpl._call(UDFImpl.java:434):434
	at railo.runtime.type.UDFImpl.call(UDFImpl.java:384):384
	at railo.runtime.util.VariableUtilImpl.callFunctionWithoutNamedValues(VariableUtilImpl.java:738):738
	at railo.runtime.PageContextImpl.getFunction(PageContextImpl.java:1443):1443
	at wheels.controller.processing_cfm$cf.udfCall(/Users/stofke/Sites/Cows/SamSite/wheels/controller/processing.cfm:99):99
	at railo.runtime.type.UDFImpl.implementation(UDFImpl.java:215):215
	at railo.runtime.type.UDFImpl._call(UDFImpl.java:434):434
	at railo.runtime.type.UDFImpl.callWithNamedValues(UDFImpl.java:377):377
	at railo.runtime.util.VariableUtilImpl.callFunctionWithNamedValues(VariableUtilImpl.java:774):774
	at railo.runtime.PageContextImpl.getFunctionWithNamedValues(PageContextImpl.java:1458):1458
	at wheels.controller.processing_cfm$cf.udfCall(/Users/stofke/Sites/Cows/SamSite/wheels/controller/processing.cfm:60):60
	at railo.runtime.type.UDFImpl.implementation(UDFImpl.java:215):215
	at railo.runtime.type.UDFImpl._call(UDFImpl.java:434):434
	at railo.runtime.type.UDFImpl.call(UDFImpl.java:384):384
	at railo.runtime.ComponentImpl._call(ComponentImpl.java:580):580
	at railo.runtime.ComponentImpl._call(ComponentImpl.java:502):502
	at railo.runtime.ComponentImpl.call(ComponentImpl.java:1815):1815
	at railo.runtime.util.VariableUtilImpl.callFunctionWithoutNamedValues(VariableUtilImpl.java:733):733
	at railo.runtime.PageContextImpl.getFunction(PageContextImpl.java:1443):1443
	at wheels.dispatch.request_cfm$cf._1(/Users/stofke/Sites/Cows/SamSite/wheels/dispatch/request.cfm:166):166
	at wheels.dispatch.request_cfm$cf.udfCall(/Users/stofke/Sites/Cows/SamSite/wheels/dispatch/request.cfm):-1
	at railo.runtime.type.UDFImpl.implementation(UDFImpl.java:215):215
	at railo.runtime.type.UDFImpl._call(UDFImpl.java:434):434
	at railo.runtime.type.UDFImpl.call(UDFImpl.java:384):384
	at railo.runtime.ComponentImpl._call(ComponentImpl.java:580):580
	at railo.runtime.ComponentImpl._call(ComponentImpl.java:502):502
	at railo.runtime.ComponentImpl.call(ComponentImpl.java:1815):1815
	at railo.runtime.util.VariableUtilImpl.callFunctionWithoutNamedValues(VariableUtilImpl.java:733):733
	at railo.runtime.PageContextImpl.getFunction(PageContextImpl.java:1443):1443
	at wheels.index_cfm$cf.call(/Users/stofke/Sites/Cows/SamSite/wheels/index.cfm:1):1
	at railo.runtime.PageContextImpl.doInclude(PageContextImpl.java:733):733
	at railo.runtime.PageContextImpl.doInclude(PageContextImpl.java:714):714
	at rewrite_cfm$cf.call(/Users/stofke/Sites/Cows/SamSite/rewrite.cfm:1):1
	at railo.runtime.PageContextImpl.doInclude(PageContextImpl.java:733):733
	at railo.runtime.PageContextImpl.doInclude(PageContextImpl.java:714):714
	at wheels.events.onrequest_cfm$cf.udfCall(/Users/stofke/Sites/Cows/SamSite/wheels/events/onrequest.cfm:1):1
	at railo.runtime.type.UDFImpl.implementation(UDFImpl.java:215):215
	at railo.runtime.type.UDFImpl._call(UDFImpl.java:434):434
	at railo.runtime.type.UDFImpl.call(UDFImpl.java:384):384
	at railo.runtime.ComponentImpl._call(ComponentImpl.java:580):580
	at railo.runtime.ComponentImpl._call(ComponentImpl.java:502):502
	at railo.runtime.ComponentImpl.call(ComponentImpl.java:1815):1815
	at railo.runtime.listener.ModernAppListener.call(ModernAppListener.java:348):348
	at railo.runtime.listener.ModernAppListener._onRequest(ModernAppListener.java:174):174
	at railo.runtime.listener.MixedAppListener.onRequest(MixedAppListener.java:23):23
	at railo.runtime.PageContextImpl.execute(PageContextImpl.java:1998):1998
	at railo.runtime.PageContextImpl.execute(PageContextImpl.java:1965):1965
	at railo.runtime.engine.CFMLEngineImpl.serviceCFML(CFMLEngineImpl.java:297):297
	at railo.loader.servlet.CFMLServlet.service(CFMLServlet.java:32):32
	at javax.servlet.http.HttpServlet.service(HttpServlet.java:96):96
	at com.caucho.server.dispatch.ServletFilterChain.doFilter(ServletFilterChain.java:109):109
	at com.caucho.server.webapp.DispatchFilterChain.doFilter(DispatchFilterChain.java:126):126
	at com.caucho.server.dispatch.ServletInvocation.service(ServletInvocation.java:289):289
	at com.caucho.server.webapp.RequestDispatcherImpl.forward(RequestDispatcherImpl.java:298):298
	at com.caucho.server.webapp.RequestDispatcherImpl.forward(RequestDispatcherImpl.java:116):116
	at com.caucho.server.dispatch.ForwardFilterChain.doFilter(ForwardFilterChain.java:95):95
	at com.caucho.server.webapp.WebAppFilterChain.doFilter(WebAppFilterChain.java:156):156
	at com.caucho.server.webapp.AccessLogFilterChain.doFilter(AccessLogFilterChain.java:95):95
	at com.caucho.server.dispatch.ServletInvocation.service(ServletInvocation.java:289):289
	at com.caucho.server.http.HttpRequest.handleRequest(HttpRequest.java:811):811
	at com.caucho.network.listen.TcpSocketLink.dispatchRequest(TcpSocketLink.java:1203):1203
	at com.caucho.network.listen.TcpSocketLink.handleRequest(TcpSocketLink.java:1164):1164
	at com.caucho.network.listen.TcpSocketLink.handleRequestsImpl(TcpSocketLink.java:1148):1148
	at com.caucho.network.listen.TcpSocketLink.handleRequests(TcpSocketLink.java:1071):1071
	at com.caucho.network.listen.TcpSocketLink.handleAcceptTask(TcpSocketLink.java:907):907
	at com.caucho.network.listen.AcceptTask.doTask(AcceptTask.java:74):74
	at com.caucho.network.listen.ConnectionTask.runThread(ConnectionTask.java:97):97
	at com.caucho.network.listen.ConnectionTask.run(ConnectionTask.java:80):80
	at com.caucho.network.listen.AcceptTask.run(AcceptTask.java:59):59
	at com.caucho.env.thread.ResinThread.runTasks(ResinThread.java:164):164
	at com.caucho.env.thread.ResinThread.run(ResinThread.java:130):130
"
"ERROR","web-0","05/17/2012","17:23:02","","key [pluginmanager] doesn't exist in struct (keys:)
	at railo.runtime.type.util.StructSupport.invalidKey(StructSupport.java:30):30
	at railo.runtime.type.StructImpl.get(StructImpl.java:78):78
	at railo.runtime.type.util.StructSupport.get(StructSupport.java:125):125
	at railo.runtime.util.VariableUtilImpl.get(VariableUtilImpl.java:316):316
	at railo.runtime.PageContextImpl.get(PageContextImpl.java:1286):1286
	at wheels._public.plugins_cfm$cf.call(/Users/stofke/Sites/Cows/SamSite/wheels/public/plugins.cfm:1):1
	at railo.runtime.PageContextImpl.doInclude(PageContextImpl.java:733):733
	at railo.runtime.PageContextImpl.doInclude(PageContextImpl.java:714):714
	at wheels._public.wheels_cfm$cf.call(/Users/stofke/Sites/Cows/SamSite/wheels/public/wheels.cfm:5):5
	at railo.runtime.PageContextImpl.doInclude(PageContextImpl.java:733):733
	at railo.runtime.PageContextImpl.doInclude(PageContextImpl.java:714):714
	at views.wheels.wheels_cfm$cf.call(/Users/stofke/Sites/Cows/SamSite/views/wheels/wheels.cfm:5):5
	at railo.runtime.PageContextImpl.doInclude(PageContextImpl.java:733):733
	at railo.runtime.PageContextImpl.doInclude(PageContextImpl.java:714):714
	at wheels.global.cfml_cfm$cf._2(/Users/stofke/Sites/Cows/SamSite/wheels/global/cfml.cfm:138):138
	at wheels.global.cfml_cfm$cf.udfCall(/Users/stofke/Sites/Cows/SamSite/wheels/global/cfml.cfm):-1
	at railo.runtime.type.UDFImpl.implementation(UDFImpl.java:215):215
	at railo.runtime.type.UDFImpl._call(UDFImpl.java:434):434
	at railo.runtime.type.UDFImpl.callWithNamedValues(UDFImpl.java:377):377
	at railo.runtime.util.VariableUtilImpl.callFunctionWithNamedValues(VariableUtilImpl.java:774):774
	at railo.runtime.PageContextImpl.getFunctionWithNamedValues(PageContextImpl.java:1458):1458
	at wheels.controller.rendering_cfm$cf._2(/Users/stofke/Sites/Cows/SamSite/wheels/controller/rendering.cfm:498):498
	at wheels.controller.rendering_cfm$cf.udfCall(/Users/stofke/Sites/Cows/SamSite/wheels/controller/rendering.cfm):-1
	at railo.runtime.type.UDFImpl.implementation(UDFImpl.java:215):215
	at railo.runtime.type.UDFImpl._call(UDFImpl.java:434):434
	at railo.runtime.type.UDFImpl.callWithNamedValues(UDFImpl.java:377):377
	at railo.runtime.util.VariableUtilImpl.callFunctionWithNamedValues(VariableUtilImpl.java:774):774
	at railo.runtime.PageContextImpl.getFunctionWithNamedValues(PageContextImpl.java:1458):1458
	at wheels.controller.rendering_cfm$cf._1(/Users/stofke/Sites/Cows/SamSite/wheels/controller/rendering.cfm:257):257
	at wheels.controller.rendering_cfm$cf.udfCall(/Users/stofke/Sites/Cows/SamSite/wheels/controller/rendering.cfm):-1
	at railo.runtime.type.UDFImpl.implementation(UDFImpl.java:215):215
	at railo.runtime.type.UDFImpl._call(UDFImpl.java:434):434
	at railo.runtime.type.UDFImpl.callWithNamedValues(UDFImpl.java:377):377
	at railo.runtime.util.VariableUtilImpl.callFunctionWithNamedValues(VariableUtilImpl.java:774):774
	at railo.runtime.PageContextImpl.getFunctionWithNamedValues(PageContextImpl.java:1458):1458
	at wheels.controller.rendering_cfm$cf._1(/Users/stofke/Sites/Cows/SamSite/wheels/controller/rendering.cfm:68):68
	at wheels.controller.rendering_cfm$cf.udfCall(/Users/stofke/Sites/Cows/SamSite/wheels/controller/rendering.cfm):-1
	at railo.runtime.type.UDFImpl.implementation(UDFImpl.java:215):215
	at railo.runtime.type.UDFImpl._call(UDFImpl.java:434):434
	at railo.runtime.type.UDFImpl.call(UDFImpl.java:384):384
	at railo.runtime.util.VariableUtilImpl.callFunctionWithoutNamedValues(VariableUtilImpl.java:738):738
	at railo.runtime.PageContextImpl.getFunction(PageContextImpl.java:1443):1443
	at wheels.controller.processing_cfm$cf.udfCall(/Users/stofke/Sites/Cows/SamSite/wheels/controller/processing.cfm:99):99
	at railo.runtime.type.UDFImpl.implementation(UDFImpl.java:215):215
	at railo.runtime.type.UDFImpl._call(UDFImpl.java:434):434
	at railo.runtime.type.UDFImpl.callWithNamedValues(UDFImpl.java:377):377
	at railo.runtime.util.VariableUtilImpl.callFunctionWithNamedValues(VariableUtilImpl.java:774):774
	at railo.runtime.PageContextImpl.getFunctionWithNamedValues(PageContextImpl.java:1458):1458
	at wheels.controller.processing_cfm$cf.udfCall(/Users/stofke/Sites/Cows/SamSite/wheels/controller/processing.cfm:60):60
	at railo.runtime.type.UDFImpl.implementation(UDFImpl.java:215):215
	at railo.runtime.type.UDFImpl._call(UDFImpl.java:434):434
	at railo.runtime.type.UDFImpl.call(UDFImpl.java:384):384
	at railo.runtime.ComponentImpl._call(ComponentImpl.java:580):580
	at railo.runtime.ComponentImpl._call(ComponentImpl.java:502):502
	at railo.runtime.ComponentImpl.call(ComponentImpl.java:1815):1815
	at railo.runtime.util.VariableUtilImpl.callFunctionWithoutNamedValues(VariableUtilImpl.java:733):733
	at railo.runtime.PageContextImpl.getFunction(PageContextImpl.java:1443):1443
	at wheels.dispatch.request_cfm$cf._1(/Users/stofke/Sites/Cows/SamSite/wheels/dispatch/request.cfm:166):166
	at wheels.dispatch.request_cfm$cf.udfCall(/Users/stofke/Sites/Cows/SamSite/wheels/dispatch/request.cfm):-1
	at railo.runtime.type.UDFImpl.implementation(UDFImpl.java:215):215
	at railo.runtime.type.UDFImpl._call(UDFImpl.java:434):434
	at railo.runtime.type.UDFImpl.call(UDFImpl.java:384):384
	at railo.runtime.ComponentImpl._call(ComponentImpl.java:580):580
	at railo.runtime.ComponentImpl._call(ComponentImpl.java:502):502
	at railo.runtime.ComponentImpl.call(ComponentImpl.java:1815):1815
	at railo.runtime.util.VariableUtilImpl.callFunctionWithoutNamedValues(VariableUtilImpl.java:733):733
	at railo.runtime.PageContextImpl.getFunction(PageContextImpl.java:1443):1443
	at wheels.index_cfm$cf.call(/Users/stofke/Sites/Cows/SamSite/wheels/index.cfm:1):1
	at railo.runtime.PageContextImpl.doInclude(PageContextImpl.java:733):733
	at railo.runtime.PageContextImpl.doInclude(PageContextImpl.java:714):714
	at rewrite_cfm$cf.call(/Users/stofke/Sites/Cows/SamSite/rewrite.cfm:1):1
	at railo.runtime.PageContextImpl.doInclude(PageContextImpl.java:733):733
	at railo.runtime.PageContextImpl.doInclude(PageContextImpl.java:714):714
	at wheels.events.onrequest_cfm$cf.udfCall(/Users/stofke/Sites/Cows/SamSite/wheels/events/onrequest.cfm:1):1
	at railo.runtime.type.UDFImpl.implementation(UDFImpl.java:215):215
	at railo.runtime.type.UDFImpl._call(UDFImpl.java:434):434
	at railo.runtime.type.UDFImpl.call(UDFImpl.java:384):384
	at railo.runtime.ComponentImpl._call(ComponentImpl.java:580):580
	at railo.runtime.ComponentImpl._call(ComponentImpl.java:502):502
	at railo.runtime.ComponentImpl.call(ComponentImpl.java:1815):1815
	at railo.runtime.listener.ModernAppListener.call(ModernAppListener.java:348):348
	at railo.runtime.listener.ModernAppListener._onRequest(ModernAppListener.java:174):174
	at railo.runtime.listener.MixedAppListener.onRequest(MixedAppListener.java:23):23
	at railo.runtime.PageContextImpl.execute(PageContextImpl.java:1998):1998
	at railo.runtime.PageContextImpl.execute(PageContextImpl.java:1965):1965
	at railo.runtime.engine.CFMLEngineImpl.serviceCFML(CFMLEngineImpl.java:297):297
	at railo.loader.servlet.CFMLServlet.service(CFMLServlet.java:32):32
	at javax.servlet.http.HttpServlet.service(HttpServlet.java:96):96
	at com.caucho.server.dispatch.ServletFilterChain.doFilter(ServletFilterChain.java:109):109
	at com.caucho.server.webapp.DispatchFilterChain.doFilter(DispatchFilterChain.java:126):126
	at com.caucho.server.dispatch.ServletInvocation.service(ServletInvocation.java:289):289
	at com.caucho.server.webapp.RequestDispatcherImpl.forward(RequestDispatcherImpl.java:298):298
	at com.caucho.server.webapp.RequestDispatcherImpl.forward(RequestDispatcherImpl.java:116):116
	at com.caucho.server.dispatch.ForwardFilterChain.doFilter(ForwardFilterChain.java:95):95
	at com.caucho.server.webapp.WebAppFilterChain.doFilter(WebAppFilterChain.java:156):156
	at com.caucho.server.webapp.AccessLogFilterChain.doFilter(AccessLogFilterChain.java:95):95
	at com.caucho.server.dispatch.ServletInvocation.service(ServletInvocation.java:289):289
	at com.caucho.server.http.HttpRequest.handleRequest(HttpRequest.java:811):811
	at com.caucho.network.listen.TcpSocketLink.dispatchRequest(TcpSocketLink.java:1203):1203
	at com.caucho.network.listen.TcpSocketLink.handleRequest(TcpSocketLink.java:1164):1164
	at com.caucho.network.listen.TcpSocketLink.handleRequestsImpl(TcpSocketLink.java:1148):1148
	at com.caucho.network.listen.TcpSocketLink.handleRequests(TcpSocketLink.java:1071):1071
	at com.caucho.network.listen.TcpSocketLink.handleAcceptTask(TcpSocketLink.java:907):907
	at com.caucho.network.listen.AcceptTask.doTask(AcceptTask.java:74):74
	at com.caucho.network.listen.ConnectionTask.runThread(ConnectionTask.java:97):97
	at com.caucho.network.listen.ConnectionTask.run(ConnectionTask.java:80):80
	at com.caucho.network.listen.AcceptTask.run(AcceptTask.java:59):59
	at com.caucho.env.thread.ResinThread.runTasks(ResinThread.java:164):164
	at com.caucho.env.thread.ResinThread.run(ResinThread.java:130):130
"
"ERROR","web-0","05/17/2012","18:08:58","","datasource [samsite] doesn't exist
	at railo.runtime.config.ConfigImpl.getDataSource(ConfigImpl.java:2473):2473
	at railo.runtime.tag.Query.setDatasource(Query.java:214):214
	at plugins.dbmigrate.dbmigrate_cfc$cf._2(/Users/stofke/Sites/Cows/SamSite/plugins/dbmigrate/dbmigrate.cfc:229):229
	at plugins.dbmigrate.dbmigrate_cfc$cf.udfCall(/Users/stofke/Sites/Cows/SamSite/plugins/dbmigrate/dbmigrate.cfc):-1
	at railo.runtime.type.UDFImpl.implementation(UDFImpl.java:215):215
	at railo.runtime.type.UDFImpl._call(UDFImpl.java:434):434
	at railo.runtime.type.UDFImpl.call(UDFImpl.java:384):384
	at railo.runtime.util.VariableUtilImpl.callFunctionWithoutNamedValues(VariableUtilImpl.java:738):738
	at railo.runtime.PageContextImpl.getFunction(PageContextImpl.java:1443):1443
	at plugins.dbmigrate.dbmigrate_cfc$cf._1(/Users/stofke/Sites/Cows/SamSite/plugins/dbmigrate/dbmigrate.cfc:80):80
	at plugins.dbmigrate.dbmigrate_cfc$cf.udfCall(/Users/stofke/Sites/Cows/SamSite/plugins/dbmigrate/dbmigrate.cfc):-1
	at railo.runtime.type.UDFImpl.implementation(UDFImpl.java:215):215
	at railo.runtime.type.UDFImpl._call(UDFImpl.java:434):434
	at railo.runtime.type.UDFImpl.call(UDFImpl.java:384):384
	at railo.runtime.ComponentImpl._call(ComponentImpl.java:580):580
	at railo.runtime.ComponentImpl._call(ComponentImpl.java:502):502
	at railo.runtime.ComponentImpl.call(ComponentImpl.java:1815):1815
	at railo.runtime.util.VariableUtilImpl.callFunctionWithoutNamedValues(VariableUtilImpl.java:733):733
	at railo.runtime.PageContextImpl.getFunction(PageContextImpl.java:1443):1443
	at plugins.dbmigrate.index_cfm$cf.call(/Users/stofke/Sites/Cows/SamSite/plugins/dbmigrate/index.cfm:22):22
	at railo.runtime.PageContextImpl.doInclude(PageContextImpl.java:733):733
	at railo.runtime.PageContextImpl.doInclude(PageContextImpl.java:714):714
	at wheels._public.plugins_cfm$cf.call(/Users/stofke/Sites/Cows/SamSite/wheels/public/plugins.cfm:2):2
	at railo.runtime.PageContextImpl.doInclude(PageContextImpl.java:733):733
	at railo.runtime.PageContextImpl.doInclude(PageContextImpl.java:714):714
	at wheels._public.wheels_cfm$cf.call(/Users/stofke/Sites/Cows/SamSite/wheels/public/wheels.cfm:5):5
	at railo.runtime.PageContextImpl.doInclude(PageContextImpl.java:733):733
	at railo.runtime.PageContextImpl.doInclude(PageContextImpl.java:714):714
	at views.wheels.wheels_cfm$cf.call(/Users/stofke/Sites/Cows/SamSite/views/wheels/wheels.cfm:5):5
	at railo.runtime.PageContextImpl.doInclude(PageContextImpl.java:733):733
	at railo.runtime.PageContextImpl.doInclude(PageContextImpl.java:714):714
	at wheels.global.cfml_cfm$cf._2(/Users/stofke/Sites/Cows/SamSite/wheels/global/cfml.cfm:138):138
	at wheels.global.cfml_cfm$cf.udfCall(/Users/stofke/Sites/Cows/SamSite/wheels/global/cfml.cfm):-1
	at railo.runtime.type.UDFImpl.implementation(UDFImpl.java:215):215
	at railo.runtime.type.UDFImpl._call(UDFImpl.java:434):434
	at railo.runtime.type.UDFImpl.callWithNamedValues(UDFImpl.java:377):377
	at railo.runtime.util.VariableUtilImpl.callFunctionWithNamedValues(VariableUtilImpl.java:774):774
	at railo.runtime.PageContextImpl.getFunctionWithNamedValues(PageContextImpl.java:1458):1458
	at wheels.controller.rendering_cfm$cf._2(/Users/stofke/Sites/Cows/SamSite/wheels/controller/rendering.cfm:498):498
	at wheels.controller.rendering_cfm$cf.udfCall(/Users/stofke/Sites/Cows/SamSite/wheels/controller/rendering.cfm):-1
	at railo.runtime.type.UDFImpl.implementation(UDFImpl.java:215):215
	at railo.runtime.type.UDFImpl._call(UDFImpl.java:434):434
	at railo.runtime.type.UDFImpl.callWithNamedValues(UDFImpl.java:377):377
	at railo.runtime.util.VariableUtilImpl.callFunctionWithNamedValues(VariableUtilImpl.java:774):774
	at railo.runtime.PageContextImpl.getFunctionWithNamedValues(PageContextImpl.java:1458):1458
	at wheels.controller.rendering_cfm$cf._1(/Users/stofke/Sites/Cows/SamSite/wheels/controller/rendering.cfm:257):257
	at wheels.controller.rendering_cfm$cf.udfCall(/Users/stofke/Sites/Cows/SamSite/wheels/controller/rendering.cfm):-1
	at railo.runtime.type.UDFImpl.implementation(UDFImpl.java:215):215
	at railo.runtime.type.UDFImpl._call(UDFImpl.java:434):434
	at railo.runtime.type.UDFImpl.callWithNamedValues(UDFImpl.java:377):377
	at railo.runtime.util.VariableUtilImpl.callFunctionWithNamedValues(VariableUtilImpl.java:774):774
	at railo.runtime.PageContextImpl.getFunctionWithNamedValues(PageContextImpl.java:1458):1458
	at wheels.controller.rendering_cfm$cf._1(/Users/stofke/Sites/Cows/SamSite/wheels/controller/rendering.cfm:68):68
	at wheels.controller.rendering_cfm$cf.udfCall(/Users/stofke/Sites/Cows/SamSite/wheels/controller/rendering.cfm):-1
	at railo.runtime.type.UDFImpl.implementation(UDFImpl.java:215):215
	at railo.runtime.type.UDFImpl._call(UDFImpl.java:434):434
	at railo.runtime.type.UDFImpl.call(UDFImpl.java:384):384
	at railo.runtime.util.VariableUtilImpl.callFunctionWithoutNamedValues(VariableUtilImpl.java:738):738
	at railo.runtime.PageContextImpl.getFunction(PageContextImpl.java:1443):1443
	at wheels.controller.processing_cfm$cf.udfCall(/Users/stofke/Sites/Cows/SamSite/wheels/controller/processing.cfm:99):99
	at railo.runtime.type.UDFImpl.implementation(UDFImpl.java:215):215
	at railo.runtime.type.UDFImpl._call(UDFImpl.java:434):434
	at railo.runtime.type.UDFImpl.callWithNamedValues(UDFImpl.java:377):377
	at railo.runtime.util.VariableUtilImpl.callFunctionWithNamedValues(VariableUtilImpl.java:774):774
	at railo.runtime.PageContextImpl.getFunctionWithNamedValues(PageContextImpl.java:1458):1458
	at wheels.controller.processing_cfm$cf.udfCall(/Users/stofke/Sites/Cows/SamSite/wheels/controller/processing.cfm:60):60
	at railo.runtime.type.UDFImpl.implementation(UDFImpl.java:215):215
	at railo.runtime.type.UDFImpl._call(UDFImpl.java:434):434
	at railo.runtime.type.UDFImpl.call(UDFImpl.java:384):384
	at railo.runtime.ComponentImpl._call(ComponentImpl.java:580):580
	at railo.runtime.ComponentImpl._call(ComponentImpl.java:502):502
	at railo.runtime.ComponentImpl.call(ComponentImpl.java:1815):1815
	at railo.runtime.util.VariableUtilImpl.callFunctionWithoutNamedValues(VariableUtilImpl.java:733):733
	at railo.runtime.PageContextImpl.getFunction(PageContextImpl.java:1443):1443
	at wheels.dispatch.request_cfm$cf._1(/Users/stofke/Sites/Cows/SamSite/wheels/dispatch/request.cfm:166):166
	at wheels.dispatch.request_cfm$cf.udfCall(/Users/stofke/Sites/Cows/SamSite/wheels/dispatch/request.cfm):-1
	at railo.runtime.type.UDFImpl.implementation(UDFImpl.java:215):215
	at railo.runtime.type.UDFImpl._call(UDFImpl.java:434):434
	at railo.runtime.type.UDFImpl.call(UDFImpl.java:384):384
	at railo.runtime.ComponentImpl._call(ComponentImpl.java:580):580
	at railo.runtime.ComponentImpl._call(ComponentImpl.java:502):502
	at railo.runtime.ComponentImpl.call(ComponentImpl.java:1815):1815
	at railo.runtime.util.VariableUtilImpl.callFunctionWithoutNamedValues(VariableUtilImpl.java:733):733
	at railo.runtime.PageContextImpl.getFunction(PageContextImpl.java:1443):1443
	at wheels.index_cfm$cf.call(/Users/stofke/Sites/Cows/SamSite/wheels/index.cfm:1):1
	at railo.runtime.PageContextImpl.doInclude(PageContextImpl.java:733):733
	at railo.runtime.PageContextImpl.doInclude(PageContextImpl.java:714):714
	at rewrite_cfm$cf.call(/Users/stofke/Sites/Cows/SamSite/rewrite.cfm:1):1
	at railo.runtime.PageContextImpl.doInclude(PageContextImpl.java:733):733
	at railo.runtime.PageContextImpl.doInclude(PageContextImpl.java:714):714
	at wheels.events.onrequest_cfm$cf.udfCall(/Users/stofke/Sites/Cows/SamSite/wheels/events/onrequest.cfm:1):1
	at railo.runtime.type.UDFImpl.implementation(UDFImpl.java:215):215
	at railo.runtime.type.UDFImpl._call(UDFImpl.java:434):434
	at railo.runtime.type.UDFImpl.call(UDFImpl.java:384):384
	at railo.runtime.ComponentImpl._call(ComponentImpl.java:580):580
	at railo.runtime.ComponentImpl._call(ComponentImpl.java:502):502
	at railo.runtime.ComponentImpl.call(ComponentImpl.java:1815):1815
	at railo.runtime.listener.ModernAppListener.call(ModernAppListener.java:348):348
	at railo.runtime.listener.ModernAppListener._onRequest(ModernAppListener.java:174):174
	at railo.runtime.listener.MixedAppListener.onRequest(MixedAppListener.java:23):23
	at railo.runtime.PageContextImpl.execute(PageContextImpl.java:1998):1998
	at railo.runtime.PageContextImpl.execute(PageContextImpl.java:1965):1965
	at railo.runtime.engine.CFMLEngineImpl.serviceCFML(CFMLEngineImpl.java:297):297
	at railo.loader.servlet.CFMLServlet.service(CFMLServlet.java:32):32
	at javax.servlet.http.HttpServlet.service(HttpServlet.java:96):96
	at com.caucho.server.dispatch.ServletFilterChain.doFilter(ServletFilterChain.java:109):109
	at com.caucho.server.webapp.DispatchFilterChain.doFilter(DispatchFilterChain.java:126):126
	at com.caucho.server.dispatch.ServletInvocation.service(ServletInvocation.java:289):289
	at com.caucho.server.webapp.RequestDispatcherImpl.forward(RequestDispatcherImpl.java:298):298
	at com.caucho.server.webapp.RequestDispatcherImpl.forward(RequestDispatcherImpl.java:116):116
	at com.caucho.server.dispatch.ForwardFilterChain.doFilter(ForwardFilterChain.java:95):95
	at com.caucho.server.webapp.WebAppFilterChain.doFilter(WebAppFilterChain.java:156):156
	at com.caucho.server.webapp.AccessLogFilterChain.doFilter(AccessLogFilterChain.java:95):95
	at com.caucho.server.dispatch.ServletInvocation.service(ServletInvocation.java:289):289
	at com.caucho.server.http.HttpRequest.handleRequest(HttpRequest.java:811):811
	at com.caucho.network.listen.TcpSocketLink.dispatchRequest(TcpSocketLink.java:1203):1203
	at com.caucho.network.listen.TcpSocketLink.handleRequest(TcpSocketLink.java:1164):1164
	at com.caucho.network.listen.TcpSocketLink.handleRequestsImpl(TcpSocketLink.java:1148):1148
	at com.caucho.network.listen.TcpSocketLink.handleRequests(TcpSocketLink.java:1071):1071
	at com.caucho.network.listen.TcpSocketLink.handleAcceptTask(TcpSocketLink.java:907):907
	at com.caucho.network.listen.AcceptTask.doTask(AcceptTask.java:74):74
	at com.caucho.network.listen.ConnectionTask.runThread(ConnectionTask.java:97):97
	at com.caucho.network.listen.ConnectionTask.run(ConnectionTask.java:80):80
	at com.caucho.network.listen.AcceptTask.run(AcceptTask.java:59):59
	at com.caucho.env.thread.ResinThread.runTasks(ResinThread.java:164):164
	at com.caucho.env.thread.ResinThread.run(ResinThread.java:130):130
"
